<?xml version="1.0" encoding="UTF-8"?>
<!-- Generated by org.testng.reporters.JUnitReportReporter -->
<testsuite hostname="MacBook-Air-Roman.local" failures="0" tests="4" name="FizzBuzzTest" time="0.002" errors="0" timestamp="2022-10-18T20:32:43 GST" skipped="0">
  <testcase classname="FizzBuzzTest" name="testStartEqualsEndHappyPath" time="0.002"/>
  <system-out/>
  <testcase classname="FizzBuzzTest" name="testStartLessThanEndHappyPath" time="0.000"/>
  <system-out/>
  <testcase classname="FizzBuzzTest" name="testStartLessThanEndStartEndAreNegativeHappyPath" time="0.000"/>
  <system-out/>
  <testcase classname="FizzBuzzTest" name="testStartGreaterThanEndNegativePath" time="0.000"/>
  <system-out/>
</testsuite> <!-- FizzBuzzTest -->
